
> front@0.1.0 build
> next build --turbopack

   ▲ Next.js 15.5.6 (Turbopack)

   Creating an optimized production build ...
 ✓ Finished writing to disk in 18ms
 ✓ Compiled successfully in 1285ms
   Linting and checking validity of types ...
   Collecting page data ...
   Generating static pages (0/5) ...
   Generating static pages (1/5) 
   Generating static pages (2/5) 
   Generating static pages (3/5) 
 ✓ Generating static pages (5/5)
   Finalizing page optimization ...
   Collecting build traces ...

Route (app)                         Size  First Load JS
┌ ○ /                            5.41 kB         119 kB
└ ○ /_not-found                      0 B         113 kB
+ First Load JS shared by all     117 kB
  ├ chunks/46d600827f558cc3.js   75.4 kB
  ├ chunks/47f477e3d2ef265b.js   20.4 kB
  └ other shared chunks (total)  21.2 kB


○  (Static)  prerendered as static content

